<?xml version="1.0" encoding="UTF-8"?>
<!-- Generated by org.testng.reporters.JUnitXMLReporter -->
<testsuite ignored="2" hostname="DESKTOP-EE6LQQL" failures="0" tests="0" time="0.018" errors="0" timestamp="2023-01-18T17:48:06 IST">
  <testcase classname="TestNG.Depends_on_method" name="Amazon_purchase" time="0.0">
    <ignored/>
  </testcase> <!-- Amazon_purchase -->
  <testcase classname="TestNG.Depends_on_method" name="Amazon_Payment" time="0.0">
    <ignored/>
  </testcase> <!-- Amazon_Payment -->
</testsuite>
