<?xml version="1.0" encoding="UTF-8"?>
<!-- Generated by org.testng.reporters.JUnitXMLReporter -->
<testsuite ignored="1" hostname="DESKTOP-EE6LQQL" failures="0" tests="2" name="integrationtest" time="0.095" errors="0" timestamp="2023-01-31T16:47:11 IST">
  <testcase classname="TestNG.Group_Execution" name="createcustomer_admin" time="0.02"/>
  <testcase classname="TestNG.Group_Execution" name="createcustomer_user" time="0.002"/>
  <testcase classname="TestNG.Group_Execution" name="createcustomer_staff" time="0.0">
    <ignored/>
  </testcase> <!-- createcustomer_staff -->
</testsuite> <!-- integrationtest -->
