<?xml version="1.0" encoding="UTF-8"?>
<!-- Generated by org.testng.reporters.JUnitXMLReporter -->
<testsuite ignored="0" hostname="DESKTOP-EE6LQQL" failures="0" tests="7" name="Default test" time="1.581" errors="0" timestamp="2023-02-03T13:44:37 IST">
  <testcase classname="TestNG.Customer" name="createcustomer" time="0.036"/>
  <testcase classname="TestNG.Customer" name="createcustomer" time="0.003"/>
  <testcase classname="TestNG.Customer" name="createcustomer" time="0.002"/>
  <testcase classname="TestNG.Customer" name="createcustomer" time="0.002"/>
  <testcase classname="TestNG.Customer" name="createcustomer" time="0.002"/>
  <testcase classname="TestNG.Customer" name="createcustomer" time="0.002"/>
  <testcase classname="TestNG.Customer" name="createcustomer" time="0.004"/>
</testsuite> <!-- Default test -->
