<?xml version="1.0" encoding="UTF-8"?>
<testng-results ignored="0" total="7" passed="7" failed="0" skipped="0">
  <reporter-output>
  </reporter-output>
  <suite started-at="2023-02-03T13:44:35 IST" name="Default suite" finished-at="2023-02-03T13:44:37 IST" duration-ms="1581">
    <groups>
    </groups>
    <test started-at="2023-02-03T13:44:35 IST" name="Default test" finished-at="2023-02-03T13:44:37 IST" duration-ms="1581">
      <class name="TestNG.Customer">
        <test-method signature="createcustomer(java.lang.String,java.lang.String,java.lang.String,java.lang.String)[pri:0, instance:TestNG.Customer@6973b51b]" started-at="2023-02-03T13:44:37 IST" name="createcustomer" data-provider="users" finished-at="2023-02-03T13:44:37 IST" duration-ms="36" status="PASS">
          <params>
            <param index="0">
              <value>
                <![CDATA[Admin]]>
              </value>
            </param>
            <param index="1">
              <value>
                <![CDATA[Manager]]>
              </value>
            </param>
            <param index="2">
              <value>
                <![CDATA[Kantha]]>
              </value>
            </param>
            <param index="3">
              <value>
                <![CDATA[Software Engineer]]>
              </value>
            </param>
          </params>
          <reporter-output>
          </reporter-output>
        </test-method> <!-- createcustomer -->
        <test-method signature="createcustomer(java.lang.String,java.lang.String,java.lang.String,java.lang.String)[pri:0, instance:TestNG.Customer@6973b51b]" started-at="2023-02-03T13:44:37 IST" name="createcustomer" data-provider="users" finished-at="2023-02-03T13:44:37 IST" duration-ms="3" status="PASS">
          <params>
            <param index="0">
              <value>
                <![CDATA[Admin1]]>
              </value>
            </param>
            <param index="1">
              <value>
                <![CDATA[Manager1]]>
              </value>
            </param>
            <param index="2">
              <value>
                <![CDATA[tejas]]>
              </value>
            </param>
            <param index="3">
              <value>
                <![CDATA[Software Engineer1]]>
              </value>
            </param>
          </params>
          <reporter-output>
          </reporter-output>
        </test-method> <!-- createcustomer -->
        <test-method signature="createcustomer(java.lang.String,java.lang.String,java.lang.String,java.lang.String)[pri:0, instance:TestNG.Customer@6973b51b]" started-at="2023-02-03T13:44:37 IST" name="createcustomer" data-provider="users" finished-at="2023-02-03T13:44:37 IST" duration-ms="2" status="PASS">
          <params>
            <param index="0">
              <value>
                <![CDATA[Admin2]]>
              </value>
            </param>
            <param index="1">
              <value>
                <![CDATA[Manager2]]>
              </value>
            </param>
            <param index="2">
              <value>
                <![CDATA[Kantha2]]>
              </value>
            </param>
            <param index="3">
              <value>
                <![CDATA[Software Engineer2]]>
              </value>
            </param>
          </params>
          <reporter-output>
          </reporter-output>
        </test-method> <!-- createcustomer -->
        <test-method signature="createcustomer(java.lang.String,java.lang.String,java.lang.String,java.lang.String)[pri:0, instance:TestNG.Customer@6973b51b]" started-at="2023-02-03T13:44:37 IST" name="createcustomer" data-provider="users" finished-at="2023-02-03T13:44:37 IST" duration-ms="2" status="PASS">
          <params>
            <param index="0">
              <value>
                <![CDATA[Admin3]]>
              </value>
            </param>
            <param index="1">
              <value>
                <![CDATA[Manager3]]>
              </value>
            </param>
            <param index="2">
              <value>
                <![CDATA[Kantha3]]>
              </value>
            </param>
            <param index="3">
              <value>
                <![CDATA[Software Engineer3]]>
              </value>
            </param>
          </params>
          <reporter-output>
          </reporter-output>
        </test-method> <!-- createcustomer -->
        <test-method signature="createcustomer(java.lang.String,java.lang.String,java.lang.String,java.lang.String)[pri:0, instance:TestNG.Customer@6973b51b]" started-at="2023-02-03T13:44:37 IST" name="createcustomer" data-provider="users" finished-at="2023-02-03T13:44:37 IST" duration-ms="2" status="PASS">
          <params>
            <param index="0">
              <value>
                <![CDATA[Admin4]]>
              </value>
            </param>
            <param index="1">
              <value>
                <![CDATA[Manager4]]>
              </value>
            </param>
            <param index="2">
              <value>
                <![CDATA[Kantha4]]>
              </value>
            </param>
            <param index="3">
              <value>
                <![CDATA[Software Engineer4]]>
              </value>
            </param>
          </params>
          <reporter-output>
          </reporter-output>
        </test-method> <!-- createcustomer -->
        <test-method signature="createcustomer(java.lang.String,java.lang.String,java.lang.String,java.lang.String)[pri:0, instance:TestNG.Customer@6973b51b]" started-at="2023-02-03T13:44:37 IST" name="createcustomer" data-provider="users" finished-at="2023-02-03T13:44:37 IST" duration-ms="2" status="PASS">
          <params>
            <param index="0">
              <value>
                <![CDATA[wqw]]>
              </value>
            </param>
            <param index="1">
              <value>
                <![CDATA[wwwew]]>
              </value>
            </param>
            <param index="2">
              <value>
                <![CDATA[dwedwe]]>
              </value>
            </param>
            <param index="3">
              <value>
                <![CDATA[ddddd]]>
              </value>
            </param>
          </params>
          <reporter-output>
          </reporter-output>
        </test-method> <!-- createcustomer -->
        <test-method signature="createcustomer(java.lang.String,java.lang.String,java.lang.String,java.lang.String)[pri:0, instance:TestNG.Customer@6973b51b]" started-at="2023-02-03T13:44:37 IST" name="createcustomer" data-provider="users" finished-at="2023-02-03T13:44:37 IST" duration-ms="4" status="PASS">
          <params>
            <param index="0">
              <value>
                <![CDATA[Naagu]]>
              </value>
            </param>
            <param index="1">
              <value>
                <![CDATA[Manager5]]>
              </value>
            </param>
            <param index="2">
              <value>
                <![CDATA[dscxdx]]>
              </value>
            </param>
            <param index="3">
              <value>
                <![CDATA[74]]>
              </value>
            </param>
          </params>
          <reporter-output>
          </reporter-output>
        </test-method> <!-- createcustomer -->
      </class> <!-- TestNG.Customer -->
    </test> <!-- Default test -->
  </suite> <!-- Default suite -->
</testng-results>
